e: [{u'message': u'Rate limit exceeded', u'code': 88}]
rate time error:  44196397
The user id is:  44196397
The user id is:  2223592103
The user id is:  1654188770
The user id is:  287568380
The user id is:  23504870
The user id is:  18200793
The user id is:  14647570
The user id is:  11928542
The user id is:  4398626122
The user id is:  1582853809
The user id is:  2329316496
The user id is:  11348282
The user id is:  275686563
The user id is:  38430500
The user id is:  209811713
e: [{u'message': u'Rate limit exceeded', u'code': 88}]
rate time error:  176774540
The user id is:  176774540
The user id is:  2251623492
The user id is:  57047586
The user id is:  2890961
The user id is:  1282121312
The user id is:  14780915
The user id is:  316389142
The user id is:  4620451
The user id is:  817386
The user id is:  259771124
The user id is:  316327930
The user id is:  23962323
The user id is:  17248121
The user id is:  1182382878
The user id is:  19658826
e: [{u'message': u'Rate limit exceeded', u'code': 88}]
rate time error:  717313
The user id is:  717313
The user id is:  11178902
The user id is:  19079396
The user id is:  14075928
The user id is:  1344951
The user id is:  16689804
The user id is:  18812572
The user id is:  5988062
The user id is:  14677919
The user id is:  13298072
The user id is:  34743251
The user id is:  4100391622
The user id is:  28506736
The user id is:  1960283150
The user id is:  32128600
e: [{u'message': u'Rate limit exceeded', u'code': 88}]
rate time error:  4423337056
e: Not authorized.
Not authorized 
The user id is:  476234589
The user id is:  19217011
The user id is:  2376444547
The user id is:  396086694
The user id is:  2785793167
The user id is:  227121370
The user id is:  2177420990
The user id is:  1443730951
The user id is:  3375148312
The user id is:  1092777318
The user id is:  789614223538135041
The user id is:  2272856978
The user id is:  525037524
e: [{u'message': u'Rate limit exceeded', u'code': 88}]
rate time error:  2388931039
The user id is:  2388931039
The user id is:  2478045313
The user id is:  523512145
The user id is:  2337609794
The user id is:  450806513
The user id is:  4043893096
The user id is:  995642455
The user id is:  1561145676
The user id is:  1047199152
The user id is:  236944441
The user id is:  1308555452
The user id is:  2445896892
The user id is:  454939382
The user id is:  2580527803
The user id is:  485370684
e: [{u'message': u'Rate limit exceeded', u'code': 88}]
rate time error:  534362261
The user id is:  534362261
The user id is:  2767466961
The user id is:  169719009
The user id is:  2671829047
The user id is:  20008093
The user id is:  1542904957
The user id is:  25132897
The user id is:  191933368
The user id is:  2581750098
The user id is:  103026062
The user id is:  1349082427
The user id is:  44196397
The user id is:  2478575257
The user id is:  85124669
The user id is:  286742737
e: [{u'message': u'Rate limit exceeded', u'code': 88}]
rate time error:  40966025
The user id is:  40966025
The user id is:  337502808
The user id is:  214162237
The user id is:  148760908
The user id is:  2940131020
The user id is:  21011270
The user id is:  17881816
The user id is:  10203
The user id is:  811463617505726464
The user id is:  4275131
The user id is:  207426991
The user id is:  747426626804154368
The user id is:  201838718
The user id is:  708385532049371136
The user id is:  297818035
e: [{u'message': u'Rate limit exceeded', u'code': 88}]
rate time error:  727571477046923264
The user id is:  727571477046923264
The user id is:  41607639
The user id is:  2839688676
The user id is:  772665210410668032
The user id is:  3240536832
The user id is:  28923113
The user id is:  312230865
The user id is:  3223596901
The user id is:  2469605695
The user id is:  786993149017063424
The user id is:  149760844
The user id is:  4337768541
The user id is:  40565117
The user id is:  2576238121
The user id is:  709387976
e: [{u'message': u'Rate limit exceeded', u'code': 88}]
rate time error:  1675176944
The user id is:  1675176944
The user id is:  21577728
The user id is:  2625176466
The user id is:  262663127
The user id is:  23449189
The user id is:  93687723
The user id is:  1362247752
The user id is:  42836824
The user id is:  3047049886
The user id is:  56367647
The user id is:  857900772
The user id is:  2994493482
The user id is:  1596029779
The user id is:  105274463
The user id is:  222691723
e: [{u'message': u'Rate limit exceeded', u'code': 88}]
rate time error:  327190615
The user id is:  327190615
The user id is:  58252077
The user id is:  2902763393
The user id is:  52069154
The user id is:  513159565
The user id is:  4495607414
The user id is:  1069161896
The user id is:  302812882
The user id is:  2498960456
The user id is:  2401292358
e: Not authorized.
Not authorized 
The user id is:  2655830472
The user id is:  2549647958
The user id is:  136051143
e: [{u'message': u'Rate limit exceeded', u'code': 88}]
rate time error:  2465436362
The user id is:  2465436362
The user id is:  35104660
The user id is:  1151725669
e: Not authorized.
Not authorized 
The user id is:  19646347
The user id is:  1348788000
The user id is:  18996798
The user id is:  89434927
The user id is:  23087895
The user id is:  474870971
The user id is:  565002291
The user id is:  447656741
The user id is:  54829997
The user id is:  309848622
e: [{u'message': u'Rate limit exceeded', u'code': 88}]
rate time error:  138703392
The user id is:  138703392
The user id is:  9959702
The user id is:  370699216
The user id is:  246247684
The user id is:  2696714845
The user id is:  418133530
The user id is:  189499985
The user id is:  909476018
The user id is:  530850623
The user id is:  11309682
The user id is:  42921700
The user id is:  746935735
The user id is:  3160646900
The user id is:  85149953
The user id is:  446639162
e: [{u'message': u'Rate limit exceeded', u'code': 88}]
rate time error:  1252216651
The user id is:  1252216651
The user id is:  25489670
The user id is:  270063173
The user id is:  621205396
The user id is:  48458403
The user id is:  1134486056
The user id is:  304798816
The user id is:  823618483
The user id is:  66339576
The user id is:  3886750582
The user id is:  260372882
The user id is:  235666146
The user id is:  46187709
The user id is:  549510165
The user id is:  323266137
e: [{u'message': u'Rate limit exceeded', u'code': 88}]
rate time error:  17571636
The user id is:  17571636
The user id is:  488908367
The user id is:  2455356055
The user id is:  284441324
The user id is:  3230079540
The user id is:  2232996836
The user id is:  3146413624
The user id is:  2541999782
The user id is:  2830051135
The user id is:  280157793
The user id is:  418707217
The user id is:  547607608
The user id is:  1066142084
The user id is:  213009133
The user id is:  148779151
e: [{u'message': u'Rate limit exceeded', u'code': 88}]
rate time error:  2313227480
The user id is:  2313227480
The user id is:  2432417994
The user id is:  1689032862
The user id is:  2351600765
The user id is:  3238269259
The user id is:  3179100847
e: Not authorized.
Not authorized 
The user id is:  395149823
The user id is:  2778537414
The user id is:  2248290423
The user id is:  177134089
The user id is:  412948496
The user id is:  1703499732
The user id is:  843112550
e: [{u'message': u'Rate limit exceeded', u'code': 88}]
rate time error:  2899144650
The user id is:  2899144650
The user id is:  93167589
The user id is:  139399835
The user id is:  1153424970
The user id is:  325451111
The user id is:  520180883
The user id is:  1322319715
The user id is:  2266343932
The user id is:  947346722
The user id is:  39932652
The user id is:  1084036514
The user id is:  1649633971
The user id is:  70335336
The user id is:  3007819555
The user id is:  206052014
e: [{u'message': u'Rate limit exceeded', u'code': 88}]
rate time error:  345811633
The user id is:  345811633
The user id is:  749952350
The user id is:  2898338535
The user id is:  390860562
The user id is:  2578552033
The user id is:  424399010
The user id is:  121213242
The user id is:  2501274093
The user id is:  73593143
The user id is:  257799442
The user id is:  525060895
T