friend Array Finished Creation
e: [{u'message': u'Rate limit exceeded', u'code': 88}]
rate time error:  9800672
The user id is:  9800672
e: Not authorized.
Branch: Not authorized 
The user id is:  17004618
The user id is:  13207942
The user id is:  16485123
The user id is:  21107358
The user id is:  16722460
The user id is:  23948993
The user id is:  7450912
The user id is:  23950669
The user id is:  17846546
The user id is:  22948029
The user id is:  22991437
The user id is:  16553772
The user id is:  19078387
e: [{u'message': u'Rate limit exceeded', u'code': 88}]
rate time error:  23552853
The user id is:  23552853
The user id is:  23626899
The user id is:  14786986
The user id is:  22700185
The user id is:  16274109
The user id is:  1096221
The user id is:  20518378
e: Not authorized.
Branch: Not authorized 
The user id is:  24006442
The user id is:  22943396
The user id is:  17599450
The user id is:  17959641
The user id is:  16400030
e: Not authorized.
Branch: Not authorized 
The user id is:  15322288
e: [{u'message': u'Rate limit exceeded', u'code': 88}]
rate time error:  14714189
The user id is:  14714189
The user id is:  16639110
The user id is:  16765853
The user id is:  17802735
The user id is:  23556103
The user id is:  18277078
The user id is:  23571738
The user id is:  17930353
The user id is:  19677276
The user id is:  23283194
The user id is:  12466252
The user id is:  21640728
The user id is:  17310856
The user id is:  15997779
The user id is:  12611272
e: [{u'message': u'Rate limit exceeded', u'code': 88}]
rate time error:  8763822
The user id is:  8763822
The user id is:  23843190
The user id is:  23326205
The user id is:  20997114
The user id is:  11623852
The user id is:  16245544
The user id is:  23674257
The user id is:  22430825
The user id is:  22948345
The user id is:  22120109
The user id is:  9208292
The user id is:  18910217
e: Not authorized.
Branch: Not authorized 
The user id is:  20139589
The user id is:  20586916
e: [{u'message': u'Rate limit exceeded', u'code': 88}]
rate time error:  20849453
The user id is:  20849453
The user id is:  18732634
The user id is:  13532132
The user id is:  23472440
The user id is:  20469752
The user id is:  15165691
The user id is:  23762043
The user id is:  23772821
The user id is:  23772236
The user id is:  15611042
The user id is:  20168258
The user id is:  23741658
The user id is:  11637332
The user id is:  23327063
The user id is:  16313404
e: [{u'message': u'Rate limit exceeded', u'code': 88}]
rate time error:  23606324
The user id is:  23606324
The user id is:  19615438
The user id is:  20663740
The user id is:  22111358
The user id is:  23132102
The user id is:  1447761
The user id is:  17222727
The user id is:  17924648
The user id is:  22919451
The user id is:  18087953
The user id is:  23414914
The user id is:  20261518
The user id is:  20406724
The user id is:  23639695
The user id is:  5834802
e: [{u'message': u'Rate limit exceeded', u'code': 88}]
rate time error:  18135822
The user id is:  18135822
The user id is:  19434905
The user id is:  17808045
The user id is:  6150122
The user id is:  23620961
The user id is:  21898774
The user id is:  22278618
The user id is:  21682814
e: Not authorized.
Branch: Not authorized 
The user id is:  21260160
The user id is:  21119658
The user id is:  10451672
e: Not authorized.
Branch: Not authorized 
The user id is:  20173675
e: Not authorized.
Branch: Not authorized 
e: [{u'message': u'Rate limit exceeded', u'code': 88}]
rate time error:  21680067
The user id is:  21680067
The user id is:  14928123
The user id is:  21720719
The user id is:  21682207
The user id is:  21682957
The user id is:  21682723
The user id is:  23494743
The user id is:  2252491
The user id is:  17953908
The user id is:  21007532
The user id is:  18576268
The user id is:  20711495
The user id is:  22267029
The user id is:  23582589
The user id is:  14650279
e: [{u'message': u'Rate limit exceeded', u'code': 88}]
rate time error:  22105603
The user id is:  22105603
The user id is:  23570911
The user id is:  7589552
e: Not authorized.
Branch: Not authorized 
The user id is:  15256022
The user id is:  21120673
The user id is:  17621767
The user id is:  799370
The user id is:  1203641
The user id is:  18956918
e: Not authorized.
Branch: Not authorized 
The user id is:  18238606
The user id is:  23182121
The user id is:  22878692
The user id is:  7004052
e: [{u'message': u'Rate limit exceeded', u'code': 88}]
rate time error:  23294623
The user id is:  23294623
The user id is:  13733492
The user id is:  23502787
The user id is:  17243554
The user id is:  16149901
The user id is:  14108914
The user id is:  23318962
e: Not authorized.
Branch: Not authorized 
The user id is:  21366131
The user id is:  23468821
The user id is:  22721629
The user id is:  23411392
The user id is:  15419529
The user id is:  20917723
The user id is:  23453470
e: [{u'message': u'Rate limit exceeded', u'code': 88}]
rate time error:  15013767
The user id is:  15013767
The user id is:  23474880
The user id is:  14072782
The user id is:  15052556
The user id is:  14715763
The user id is:  16213040
The user id is:  22028818
The user id is:  15905071
The user id is:  7076532
The user id is:  23423245
The user id is:  23394554
The user id is:  14683278
The user id is:  23428904
The user id is:  22031300
The user id is:  80623
e: [{u'message': u'Rate limit exceeded', u'code': 88}]
rate time error:  13918662
The user id is:  13918662
The user id is:  23119749
The user id is:  11809172
e: Not authorized.
Branch: Not authorized 
e: Not authorized.
Branch: Not authorized 
e: Not authorized.
Branch: Not authorized 
The user id is:  18954937
The user id is:  20349452
The user id is:  15116514
The user id is:  18454532
The user id is:  21266653
The user id is:  19300648
The user id is:  14990035
The user id is:  17378950
The user id is:  17684334
e: [{u'message': u'Rate limit exceeded', u'code': 88}]
rate time error:  19450116
The user id is:  19450116
The user id is:  19997751
e: Not authorized.
Branch: Not authorized 
The user id is:  14534540
The user id is:  20766656
The user id is:  13018552
e: Not authorized.
Branch: Not authorized 
The user id is:  14663781
The user id is:  19543606
The user id is:  23326588
The user id is:  11701012
The user id is:  15825020
The user id is:  15997313
The user id is:  6577492
The user id is:  14275285
e: [{u'message': u'Rate limit exceeded', u'code': 88}]
rate time error:  23084542
The user id is:  23084542
e: Not authorized.
Branch: Not authorized 
The user id is:  19575831
The user id is:  20572162
The user id is:  18107170
The user id is:  23276834
The user id is:  14201207
The user id is:  23282893
The user id is:  6727082
The user id is:  17372386
The user id is:  5531562
The user id is:  14609388
The user id is:  15447306
The user id is:  17451088
The user id is:  456
e: [{u'message': u'Rate limit exceeded', u'code': 88}]
rate time error:  22692421
The user id is:  22692421
The user id is:  22734287
The user id is:  16061780
e: Not authorized.
Branch: Not authorized 
The user id is:  14466711
The user id is:  15392209
The user id is:  5416472
The user id is:  20960936
The user id is:  20406284
The user id is:  853561
The user id is:  20965995
The user id is:  23216766
The user id is:  14922536
The user id is:  16983361
The user id is:  15661838
e: [{u'message': u'Rate limit exceeded', u'code': 88}]
rate time error:  22658104
The user id is:  22658104
The user id is:  14540136
The user id is:  17279394
The user id is:  15406935
The user id is:  621023
The user id is:  17316870
The user id is:  23214613
The user id is:  18702696
The user id is:  15475130
The user id is:  21203850
e: Not authorized.
Branch: Not authorized 
The user id is:  20410279
The user id is:  14589706
The user id is:  23204072
The user id is:  23205771
e: [{u'message': u'Rate limit exceeded', u'code': 88}]
rate time error:  14310502
The user id is:  14310502
The user id is:  8693082
The user id is:  14494227
The user id is:  16198637
The user id is:  1672821
The user id is:  16032879
The user id is:  15747809
The user id is:  7939602
e: Not authorized.
Branch: Not authorized 
The user id is:  16160441
The user id is:  20434870
The user id is:  20637684
The user id is:  15481338
The user id is:  18760297
The user id is:  23016666
e: [{u'message': u'Rate limit exceeded', u'code': 88}]
rate time error:  14762341
The user id is:  14762341
The user id is:  22130527
The user id is:  22328699
The user id is:  23162981
The user id is:  21625937
The user id is:  14781461
The user id is:  15303167
The user id is:  16286419
The user id is:  14583501
The user id is:  22491277
The user id is:  21188559
The user id is:  18355469
The user id is:  6625122
The user id is:  14748494
The user id is:  22501769
e: [{u'message': u'Rate limit exceeded', u'code': 88}]
rate time error:  18965059
The user id is:  18965059
The user id is:  22514289
The user id is:  15482519
The user id is:  19083189
e: Not authorized.
Branch: Not authorized 
The user id is:  16396420
The user id is:  22304864
The user id is:  17709679
The user id is:  19304885
The user id is:  23006453
The user id is:  21836254
The user id is:  7789282
The user id is:  23016804
The user id is:  22254556
The user id is:  21822764
e: [{u'message': u'Rate limit exceeded', u'code': 88}]
rate time error:  16658967
The user id is:  16658967
The user id is:  23021442
The user id is:  18791451
e: Not authorized.
Branch: Not authorized 
The user id is:  17836273
The user id is:  17351256
The user id is:  22727609
The user id is:  22665550
The user id is:  19289482
The user id is:  19295275
The user id is:  20083313
The user id is:  6119412
The user id is:  20560162
The user id is:  9319562
The user id is:  15051209
e: [{u'message': u'Rate limit exceeded', u'code': 88}]
rate time error:  16626404
The user id is:  16626404
The user id is:  22885642
The user id is:  20429920
The user id is:  16409478
The user id is:  16934772
e: Not authorized.
Branch: Not authorized 
The user id is:  22220233
The user id is:  14894814
The user id is:  19660936
The user id is:  22756237
The user id is:  9725482
The user id is:  17049255
The user id is:  22803766
The user id is:  21250847
The user id is:  22733516
e: [{u'message': u'Rate limit exceeded', u'code': 88}]
rate time error:  14661341
The user id is:  14661341
The user id is:  19517888
The user id is:  19163585
The user id is:  22809627
The user id is:  16905041
The user id is:  21566434
The user id is:  17784077
The user id is:  14754760
The user id is:  22849848
The user id is:  14718163
e: Not authorized.
Branch: Not authorized 
e: Not authorized.
Branch: Not authorized 
The user id is:  20439337
The user id is:  22764450
The user id is:  18569500
e: [{u'message': u'Rate limit exceeded', u'code': 88}]
rate time error:  17895450
The user id is:  17895450
The user id is:  21336290
The user id is:  20263189
The user id is:  15634612
The user id is:  19356852
The user id is:  18178876
The user id is:  21684109
The user id is:  19159261
The user id is:  16121795
The user id is:  21744092
The user id is:  17793878
The user id is:  17731430
The user id is:  20619073
The user id is:  22689076
The user id is:  16440857
e: [{u'message': u'Rate limit exceeded', u'code': 88}]
rate time error:  15354380
The user id is:  15354380
The user id is:  21132732
e: Not authorized.
Branch: Not authorized 
The user id is:  19082552
The user id is:  15989098
The user id is:  16456160
The user id is:  4825221
The user id is:  1270271
The user id is:  18832437
The user id is:  22651852
The user id is:  6580122
The user id is:  17600956
The user id is:  17549735
e: Not authorized.
Branch: Not authorized 
The user id is:  16886523
e: [{u'message': u'Rate limit exceeded', u'code': 88}]
rate time error:  17606784
The user id is:  17606784
The user id is:  22511213
The user id is:  22439560
The user id is:  20540652
The user id is:  22077598
The user id is:  20907287
The user id is:  17340238
The user id is:  21746920
The user id is:  22379795
The user id is:  18510420
The user id is:  20105402
The user id is:  19414742
The user id is:  15825547
The user id is:  18787613
The user id is:  17296635
e: [{u'message': u'Rate limit exceeded', u'code': 88}]
rate time error:  14750496
The user id is:  14750496
The user id is:  16812413
The user id is:  22544749
The user id is:  14295634
The user id is:  17322576
e: Not authorized.
Branch: Not authorized 
The user id is:  14313538
The user id is:  15845902
The user id is:  21917063
The user id is:  22056867
The user id is:  18991690
The user id is:  2846331
The user id is:  22024956
The user id is:  7070802
The user id is:  19615034
e: [{u'message': u'Rate limit exceeded', u'code': 88}]
rate time error:  14718384
The user id is:  14718384
The user id is:  21496050
The user id is:  11336512
The user id is:  22361359
e: Not authorized.
Branch: Not authorized 
The user id is:  1406931
The user id is:  18553185
The user id is:  21966220
e: Not authorized.
Branch: Not authorized 
The user id is:  15432704
The user id is:  21754347
The user id is:  21257621
The user id is:  16442283
The user id is:  20093607
The user id is:  19591212
e: [{u'message': u'Rate limit exceeded', u'code': 88}]
rate time error:  22485395
e: Not authorized.
Branch: Not authorized 
The user id is:  22546539
The user id is:  9208372
The user id is:  22454638
The user id is:  18300157
The user id is:  10822452
The user id is:  22242176
The user id is:  17297649
e: Not authorized.
Branch: Not authorized 
The user id is:  16343958
The user id is:  18803751
The user id is:  1348501
The user id is:  18976483
The user id is:  22432855
The user id is:  11104982
e: [{u'message': u'Rate limit exceeded', u'code': 88}]
rate time error:  20994246
The user id is:  20994246
The user id is:  21912998
The user id is:  14784720
The user id is:  21766686
The user id is:  22102694
The user id is:  10012402
The user id is:  18772871
The user id is:  16193816
The user id is:  22406785
The user id is:  21238729
The user id is:  766545
The user id is:  21587905
The user id is:  16699866
The user id is:  15731831
The user id is:  820678
e: [{u'message': u'Rate limit exceeded', u'code': 88}]
rate time error:  19156384
The user id is:  19156384
The user id is:  22446404
The user id is:  21466461
The user id is:  15268991
The user id is:  17980470
The user id is:  20485781
The user id is:  20479560
The user id is:  11412632
The user id is:  21989799
The user id is:  15133948
The user id is:  18857707
The user id is:  22334212
The user id is:  16044793
The user id is:  22348537
The user id is:  14899457
e: [{u'message': u'Rate limit exceeded', u'code': 88}]
rate time error:  22367462
The user id is:  22367462
The user id is:  19618541
The user id is:  12615382
The user id is:  18014872
The user id is:  19984958
The user id is:  20748381
The user id is:  21095207
The user id is:  19109632
The user id is:  18811345
The user id is:  20095364
The user id is:  16731518
e: Not authorized.
Branch: Not authorized 
e: Not authorized.
Branch: Not authorized 
e: Not authorized.
Branch: Not authorized 
The user id is:  17654355
e: [{u'message': u'Rate limit exceeded', u'code': 88}]
rate time error:  16438020
The user id is:  16438020
The user id is:  22050443
The user id is:  17120022
The user id is:  21960466
The user id is:  14304662
The user id is:  14885426
The user id is:  22219745
The user id is:  18757222
The user id is:  6076282
The user id is:  14112870
The user id is:  17811246
The user id is:  21527515
The user id is:  17893119
The user id is:  14771630
The user id is:  22164556
e: [{u'message': u'Rate limit exceeded', u'code': 88}]
rate time error:  17371549
The user id is:  17371549
The user id is:  21226678
The user id is:  6352422
The user id is:  23816548
The user id is:  20246015
The user id is:  21094745
The user id is:  23345682
The user id is:  17746927
The user id is:  17662075
The user id is:  15359887
The user id is:  14857360
The user id is:  21111067
The user id is:  15255914
The user id is:  15780295
The user id is:  14325188
e: [{u'message': u'Rate limit exceeded', u'code': 88}]
rate time error:  16632374
The user id is:  16632374
The user id is:  16722645
The user id is:  19185260
The user id is:  21053347
The user id is:  14412817
The user id is:  21846136
The user id is:  19280404
The user id is:  21819162
The user id is:  20196114
e: Not authorized.
Branch: Not authorized 
The user id is:  17544175
The user id is:  4021251
The user id is:  20639600
The user id is:  15998924
The user id is:  20259068
e: [{u'message': u'Rate limit exceeded', u'code': 88}]
rate time error:  21810217
The user id is:  21810217
The user id is:  22104324
The user id is:  15808120
The user id is:  15469474
The user id is:  16473335
The user id is:  15258298
The user id is:  14139305
The user id is:  15176457
The user id is:  1741751
The user id is:  13303242
e: Not authorized.
Branch: Not authorized 
The user id is:  22046981
The user id is:  22147593
The user id is:  17946884
The user id is:  21641206
e: [{u'message': u'Rate limit exceeded', u'code': 88}]
rate time error:  14919650
The user id is:  14919650
The user id is:  15042574
The user id is:  20544405
The user id is:  18086617
The user id is:  18895192
The user id is:  21117488
The user id is:  22017380
e: Not authorized.
Branch: Not authorized 
The user id is:  22101857
The user id is:  16306735
The user id is:  20603062
The user id is:  3932741
The user id is:  4720651
The user id is:  19566987
The user id is:  16584730
e: [{u'message': u'Rate limit exceeded', u'code': 88}]
rate time error:  18956543
The user id is:  18956543
The user id is:  20792285
The user id is:  21513034
The user id is:  14085070
The user id is:  22153651
The user id is:  7274072
The user id is:  11040522
e: Not authorized.
Branch: Not authorized 
The user id is:  21542081
The user id is:  18977822
The user id is:  9971872
The user id is:  14344830
The user id is:  21500249
e: Not authorized.
Branch: Not authorized 
The user id is:  21912364
e: [{u'message': u'Rate limit exceeded', u'code': 88}]
rate time error:  21782926
The user id is:  21782926
e: Not authorized.
Branch: Not authorized 
The user id is:  5920812
The user id is:  18559816
The user id is:  7872972
The user id is:  14306784
The user id is:  21218806
The user id is:  17083000
The user id is:  21947903
The user id is:  21892272
e: Not authorized.
Branch: Not authorized 
The user id is:  19591459
The user id is:  14310068
The user id is:  21957311
The user id is:  21025843
e: [{u'message': u'Rate limit exceeded', u'code': 88}]
rate time error:  15130880
The user id is:  15130880
The user id is:  15779370
The user id is:  16289312
The user id is:  16997053
The user id is:  21891854
The user id is:  21936199
The user id is:  14255573
The user id is:  21829629
The user id is:  21159364
The user id is:  21857452
The user id is:  20972649
The user id is:  18671468
The user id is:  21394734
The user id is:  22001012
The user id is:  21293799
e: [{u'message': u'Rate limit exceeded', u'code': 88}]
rate time error:  18986101
The user id is:  18986101
The user id is:  19036161
The user id is:  16616550
The user id is:  20017758
The user id is:  16053375
The user id is:  19084535
The user id is:  20090366
The user id is:  20703437
The user id is:  18731490
The user id is:  16099564
The user id is:  12363142
The user id is:  22039659
The user id is:  21993587
The user id is:  18002113
The user id is:  19120299
e: [{u'message': u'Rate limit exceeded', u'code': 88}]
rate time error:  17220707
The user id is:  17220707
The user id is:  21912985
The user id is:  18059761
The user id is:  22047401
The user id is:  14055820
The user id is:  17769369
The user id is:  21360280
The user id is:  15840449
The user id is:  17526989
The user id is:  18846192
e: Not authorized.
Branch: Not authorized 
The user id is:  21835448
The user id is:  20457806
The user id is:  12486322
The user id is:  21777950
e: [{u'message': u'Rate limit exceeded', u'code': 88}]
rate time error:  21648990
e: Not authorized.
Branch: Not authorized 
The user id is:  9325302
The user id is:  21419737
The user id is:  9673282
The user id is:  15179510
The user id is:  20291474
The user id is:  11776802
The user id is:  20935256
e: Not authorized.
Branch: Not authorized 
The user id is:  16139887
The user id is:  15571190
The user id is:  18524101
The user id is:  15683160
The user id is:  17463274
The user id is:  8010542
e: [{u'message': u'Rate limit exceeded', u'code': 88}]
rate time error:  17184930
The user id is:  17184930
The user id is:  19958754
The user id is:  20006673
The user id is:  20832141
The user id is:  21217552
The user id is:  16027100
The user id is:  18974292
The user id is:  21260949
The user id is:  21074795
The user id is:  21371146
The user id is:  21442863
The user id is:  20294648
The user id is:  21396437
The user id is:  19954039
The user id is:  21218256
e: [{u'message': u'Rate limit exceeded', u'code': 88}]
rate time error:  17652955
The user id is:  17652955
The user id is:  7758782
The user id is:  20234549
The user id is:  14193058
The user id is:  17521695
The user id is:  21355140
The user id is:  12666842
The user id is:  6436872
The user id is:  15314344
The user id is:  20602836
The user id is:  21069183
The user id is:  20998035
The user id is:  15110255
The user id is:  21394777
The user id is:  21441606
e: [{u'message': u'Rate limit exceeded', u'code': 88}]
rate time error:  14435819
The user id is:  14435819
The user id is:  21531015
The user id is:  21029985
The user id is:  7843242
The user id is:  21163450
The user id is:  20881431
The user id is:  6612302
The user id is:  14327058
e: Not authorized.
Branch: Not authorized 
The user id is:  21029810
The user id is:  21082202
The user id is:  19559290
The user id is:  20553104
The user id is:  18603683
The user id is:  21579774
e: [{u'message': u'Rate limit exceeded', u'code': 88}]
rate time error:  15125333
The user id is:  15125333
The user id is:  9753672
The user id is:  19661053
The user id is:  21596115
The user id is:  19538782
The user id is:  20855390
The user id is:  14604369
The user id is:  18437087
The user id is:  20492492
The user id is:  16151271
The user id is:  19068391
The user id is:  20610441
The user id is:  17700771
e: Not authorized.
Branch: Not authorized 
The user id is:  21624864
e: [{u'message': u'Rate limit exceeded', u'code': 88}]
rate time error:  19568183
The user id is:  19568183
The user id is:  16178342
The user id is:  15024563
The user id is:  20693348
The user id is:  19693931
The user id is:  14936051
The user id is:  1191201
The user id is:  19955714
The user id is:  15643021
The user id is:  21384164
The user id is:  15004693
The user id is:  21495286
The user id is:  18223400
The user id is:  17656225
The user id is:  13685122
e: [{u'message': u'Rate limit exceeded', u'code': 88}]
rate time error:  16473276
e: Not authorized.
Branch: Not authorized 
The user id is:  18131222
The user id is:  20700693
The user id is:  14528037
The user id is:  17522810
The user id is:  16929444
The user id is:  20519051
The user id is:  21397680
The user id is:  17634045
e: Not authorized.
Branch: Not authorized 
The user id is:  18816140
The user id is:  18146671
The user id is:  17488736
The user id is:  18742238
The user id is:  14751996
e: [{u'message': u'Rate limit exceeded', u'code': 88}]
rate time error:  19677167
The user id is:  19677167
The user id is:  14144524
The user id is:  19555357
The user id is:  6079252
The user id is:  15120684
The user id is:  19697111
The user id is:  16982040
The user id is:  16032101
The user id is:  20408415
The user id is:  4303421
The user id is:  662953
The user id is:  14177909
The user id is:  21699836
The user id is:  16104349
The user id is:  7909322
e: [{u'message': u'Rate limit exceeded', u'code': 88}]
rate time error:  21105497
The user id is:  21105497
The user id is:  14258044
The user id is:  15709043
The user id is:  9690742
The user id is:  20086677
The user id is:  19636983
The user id is:  20054731
The user id is:  18886090
The user id is:  18195116
The user id is:  20383193
The user id is:  16404688
The user id is:  21455948
The user id is:  15181326
The user id is:  21370554
The user id is:  16631466
e: [{u'message': u'Rate limit exceeded', u'code': 88}]
rate time error:  17358699
The user id is:  17358699
The user id is:  14135468
The user id is:  16329132
The user id is:  21768071
The user id is:  16285516
The user id is:  21658297
The user id is:  17637361
The user id is:  20094909
The user id is:  21784288
The user id is:  15923496
The user id is:  21789980
The user id is:  17904152
The user id is:  21792950
The user id is:  21280851
The user id is:  19680887
e: [{u'message': u'Rate limit exceeded', u'code': 88}]
rate time error:  21658019
e: Not authorized.
Branch: Not authorized 
The user id is:  20798180
e: Not authorized.
Branch: Not authorized 
The user id is:  18706957
The user id is:  18216528
The user id is:  10232392
The user id is:  16399239
The user id is:  15659608
The user id is:  17507659
The user id is:  8842302
The user id is:  11855222
The user id is:  15077276
The user id is:  17407370
The user id is:  14573545
e: Not authorized.
Branch: Not authorized 
e: [{u'message': u'Rate limit exceeded', u'code': 88}]
rate time error:  19079547
The user id is:  19079547
The user id is:  15740362
The user id is:  21636265
The user id is:  15684633
The user id is:  19624836
The user id is:  15165786
The user id is:  20222542
The user id is:  18514361
The user id is:  21480354
The user id is:  17074440
The user id is:  2020351
The user id is:  18641695
The user id is:  20788201
e: Not authorized.
Branch: Not authorized 
The user id is:  20698727
e: [{u'message': u'Rate limit exceeded', u'code': 88}]
rate time error:  15780750
The user id is:  15780750
The user id is:  21200171
The user id is:  21358087
The user id is:  17452256
The user id is:  16103271
The user id is:  19745123
The user id is:  16113331
The user id is:  18932935
The user id is:  813512
The user id is:  19571835
The user id is:  19670468
The user id is:  19754122
The user id is:  16260282
The user id is:  14728782
The user id is:  14951093
e: [{u'message': u'Rate limit exceeded', u'code': 88}]
rate time error:  20033621
The user id is:  20033621
The user id is:  14987459
The user id is:  21370572
The user id is:  20830163
The user id is:  18330369
e: Not authorized.
Branch: Not authorized 
The user id is:  21384027
The user id is:  17806186
The user id is:  15262548
The user id is:  19913736
e: Not authorized.
Branch: Not authorized 
The user id is:  17100255
The user id is:  14830705
The user id is:  15063079
The user id is:  16191846
e: [{u'message': u'Rate limit exceeded', u'code': 88}]
rate time error:  14049120
The user id is:  14049120
The user id is:  20253483
The user id is:  18737212
The user id is:  18208763
The user id is:  13394752
The user id is:  14468504
The user id is:  17089636
The user id is:  15588868
The user id is:  20293151
The user id is:  21078886
The user id is:  16404471
e: Not authorized.
Branch: Not authorized 
The user id is:  12700182
The user id is:  21330459
The user id is:  21327927
e: [{u'message': u'Rate limit exceeded', u'code': 88}]
rate time error:  18656674
The user id is:  18656674
The user id is:  20806190
The user id is:  14461504
The user id is:  18607167
The user id is:  21248261
The user id is:  14290180
The user id is:  18003891
The user id is:  17633220
The user id is:  19120852
The user id is:  20896510
The user id is:  15157476
The user id is:  17938352
The user id is:  20809182
The user id is:  21129030
The user id is:  4804601
e: [{u'message': u'Rate limit exceeded', u'code': 88}]
rate time error:  16609555
The user id is:  16609555
The user id is:  19110977
The user id is:  14249574
The user id is:  11190002
e: Not authorized.
Branch: Not authorized 
The user id is:  21204736
e: Not authorized.
Branch: Not authorized 
The user id is:  20158137
e: Not authorized.
Branch: Not authorized 
The user id is:  21009514
The user id is:  16078406
The user id is:  21196031
The user id is:  21298244
The user id is:  21059750
The user id is:  14091091
e: [{u'message': u'Rate limit exceeded', u'code': 88}]
rate time error:  16352623
The user id is:  16352623
The user id is:  19772618
e: Not authorized.
Branch: Not authorized 
The user id is:  20730385
The user id is:  17868803
The user id is:  16063484
The user id is:  21199693
The user id is:  21221630
The user id is:  21220773
The user id is:  19589006
The user id is:  15224563
The user id is:  20259504
The user id is:  21099301
The user id is:  14269768
The user id is:  21121833
e: [{u'message': u'Rate limit exceeded', u'code': 88}]
rate time error:  14091430
The user id is:  14091430
The user id is:  12155962
The user id is:  14442585
e: Not authorized.
Branch: Not authorized 
The user id is:  15894896
e: Not authorized.
Branch: Not authorized 
The user id is:  13510202
The user id is:  21082047
The user id is:  16407870
The user id is:  21135736
The user id is:  13120652
e: Not authorized.
Branch: Not authorized 
The user id is:  16676888
The user id is:  16227364
The user id is:  17454015
e: [{u'message': u'Rate limit exceeded', u'code': 88}]
rate time error:  5653432
The user id is:  5653432
The user id is:  20235943
The user id is:  17736433
The user id is:  21148349
The user id is:  20688076
The user id is:  21123246
The user id is:  17106117
The user id is:  19651281
The user id is:  19923324
The user id is:  15111395
e: Not authorized.
Branch: Not authorized 
The user id is:  17842109
The user id is:  571093
The user id is:  19988765
The user id is:  14888653
e: [{u'message': u'Rate limit exceeded', u'code': 88}]
rate time error:  21171325
The user id is:  21171325
The user id is:  21175835
The user id is:  18532141
The user id is:  20975313
The user id is:  14146127
The user id is:  19571826
The user id is:  15289075
The user id is:  19111884
The user id is:  18833658
The user id is:  21104681
The user id is:  20999694
The user id is:  8412792
The user id is:  11875382
The user id is:  19741669
The user id is:  16918983
e: [{u'message': u'Rate limit exceeded', u'code': 88}]
rate time error:  19658826
The user id is:  19658826
The user id is:  18843227
The user id is:  2223461
The user id is:  19026360
The user id is:  18145546
The user id is:  16461696
e: Not authorized.
Branch: Not authorized 
The user id is:  19829218
The user id is:  17905977
The user id is:  14163972
The user id is:  19322785
The user id is:  13535652
The user id is:  18775467
The user id is:  20248763
The user id is:  19936970
e: [{u'message': u'Rate limit exceeded', u'code': 88}]
rate time error:  20598197
The user id is:  20598197
The user id is:  20221328
The user id is:  20621206
The user id is:  18743181
The user id is:  18024546
The user id is:  15640867
The user id is:  19509543
The user id is:  957271
The user id is:  20666664
The user id is:  16264588
The user id is:  14915325
The user id is:  19716540
The user id is:  16110819
e: Not authorized.
Branch: Not authorized 
The user id is:  15792693
e: [{u'message': u'Rate limit exceeded', u'code': 88}]
rate time error:  16338158
The user id is:  16338158
The user id is:  14626870
The user id is:  20706838
The user id is:  10849602
The user id is:  15701796
The user id is:  20549470
The user id is:  17332148
The user id is:  14315720
The user id is:  16646161
The user id is:  16746995
The user id is:  19547814
The user id is:  20654705
The user id is:  14075836
The user id is:  17326959
The user id is:  20721274
e: [{u'message': u'Rate limit exceeded', u'code': 88}]
rate time error:  20651502
The user id is:  20651502
The user id is:  15130873
The user id is:  16500780
The user id is:  18351581
The user id is:  20745803
The user id is:  20746908
The user id is:  19214042
The user id is:  17865832
The user id is:  14719946
The user id is:  17437735
The user id is:  19770271
The user id is:  20774885
The user id is:  20776179
The user id is:  19642289
The user id is:  16560143
e: [{u'message': u'Rate limit exceeded', u'code': 88}]
rate time error:  14590911
The user id is:  14590911
The user id is:  19918353
The user id is:  20547416
The user id is:  14615251
The user id is:  20790430
The user id is:  20809134
The user id is:  20277810
The user id is:  20204745
The user id is:  14210786
The user id is:  18725273
The user id is:  18082642
The user id is:  19849442
The user id is:  20476145
The user id is:  17854884
The user id is:  15125703
e: [{u'message': u'Rate limit exceeded', u'code': 88}]
rate time error:  20821842
The user id is:  20821842
The user id is:  19118613
The user id is:  20755045
The user id is:  13746792
The user id is:  13400
The user id is:  15017784
The user id is:  20823978
The user id is:  18905266
The user id is:  20694505
The user id is:  15041207
The user id is:  20833883
The user id is:  15251282
e: Not authorized.
Branch: Not authorized 
The user id is:  14212329
e: Not authorized.
Branch: Not authorized 
e: [{u'message': u'Rate limit exceeded', u'code': 88}]
rate time error:  16631484
The user id is:  16631484
The user id is:  13797772
The user id is:  18404004
The user id is:  19886034
e: Not authorized.
Branch: Not authorized 
The user id is:  11105382
The user id is:  14233385
The user id is:  5933602
The user id is:  20851783
The user id is:  20095962
The user id is:  6420702
The user id is:  873731
The user id is:  16393999
The user id is:  9181282
e: Not authorized.
Branch: Not authorized 
e: [{u'message': u'Rate limit exceeded', u'code': 88}]
rate time error:  20861582
The user id is:  20861582
The user id is:  19828003
The user id is:  20869716
The user id is:  19076792
The user id is:  19516015
The user id is:  18716197
The user id is:  19808623
The user id is:  20838679
e: Not authorized.
Branch: Not authorized 
The user id is:  9931482
The user id is:  13327002
The user id is:  20886033
The user id is:  14824213
The user id is:  14391119
The user id is:  18575155
e: [{u'message': u'Rate limit exceeded', u'code': 88}]
rate time error:  20632248
The user id is:  20632248
The user id is:  20891054
The user id is:  14636422
The user id is:  14813040
The user id is:  11921672
The user id is:  20359366
The user id is:  18415905
The user id is:  20898356
The user id is:  20417336
The user id is:  14883338
The user id is:  20906242
The user id is:  14734393
The user id is:  15050972
The user id is:  19148909
The user id is:  18463276
nodeIndex:  2500
friend(nodeIndex-1):  16649817
BFS Length is: 2511
